0 info it worked if it ends with ok
1 verbose cli [ 'C:\\Program Files\\nodejs\\node.exe',
1 verbose cli   'C:\\Program Files\\nodejs\\node_modules\\npm\\bin\\npm-cli.js',
1 verbose cli   'install',
1 verbose cli   'grunt-contrib-sass',
1 verbose cli   '--save-dev' ]
2 info using npm@3.10.10
3 info using node@v6.11.2
4 silly loadCurrentTree Starting
5 silly install loadCurrentTree
6 silly install readLocalPackageData
7 silly fetchPackageMetaData grunt-contrib-sass
8 silly fetchNamedPackageData grunt-contrib-sass
9 silly mapToRegistry name grunt-contrib-sass
10 silly mapToRegistry using default registry
11 silly mapToRegistry registry https://registry.npmjs.org/
12 silly mapToRegistry data Result {
12 silly mapToRegistry   raw: 'grunt-contrib-sass',
12 silly mapToRegistry   scope: null,
12 silly mapToRegistry   escapedName: 'grunt-contrib-sass',
12 silly mapToRegistry   name: 'grunt-contrib-sass',
12 silly mapToRegistry   rawSpec: '',
12 silly mapToRegistry   spec: 'latest',
12 silly mapToRegistry   type: 'tag' }
13 silly mapToRegistry uri https://registry.npmjs.org/grunt-contrib-sass
14 verbose request uri https://registry.npmjs.org/grunt-contrib-sass
15 verbose request no auth needed
16 info attempt registry request try #1 at 23:21:48
17 verbose request id 5411c5a4cc0b6011
18 http request GET https://registry.npmjs.org/grunt-contrib-sass
19 http 200 https://registry.npmjs.org/grunt-contrib-sass
20 verbose headers { server: 'nginx/1.10.1',
20 verbose headers   'content-type': 'application/json',
20 verbose headers   'last-modified': 'Wed, 16 Aug 2017 02:43:27 GMT',
20 verbose headers   etag: 'W/"5993b14f-bd10"',
20 verbose headers   'content-encoding': 'gzip',
20 verbose headers   'cache-control': 'max-age=300',
20 verbose headers   'content-length': '6951',
20 verbose headers   'accept-ranges': 'bytes',
20 verbose headers   date: 'Fri, 18 Aug 2017 21:21:40 GMT',
20 verbose headers   via: '1.1 varnish',
20 verbose headers   age: '0',
20 verbose headers   connection: 'keep-alive',
20 verbose headers   'x-served-by': 'cache-hhn1545-HHN',
20 verbose headers   'x-cache': 'HIT',
20 verbose headers   'x-cache-hits': '1',
20 verbose headers   'x-timer': 'S1503091301.527878,VS0,VE2',
20 verbose headers   vary: 'Accept-Encoding, Accept' }
21 silly get cb [ 200,
21 silly get   { server: 'nginx/1.10.1',
21 silly get     'content-type': 'application/json',
21 silly get     'last-modified': 'Wed, 16 Aug 2017 02:43:27 GMT',
21 silly get     etag: 'W/"5993b14f-bd10"',
21 silly get     'content-encoding': 'gzip',
21 silly get     'cache-control': 'max-age=300',
21 silly get     'content-length': '6951',
21 silly get     'accept-ranges': 'bytes',
21 silly get     date: 'Fri, 18 Aug 2017 21:21:40 GMT',
21 silly get     via: '1.1 varnish',
21 silly get     age: '0',
21 silly get     connection: 'keep-alive',
21 silly get     'x-served-by': 'cache-hhn1545-HHN',
21 silly get     'x-cache': 'HIT',
21 silly get     'x-cache-hits': '1',
21 silly get     'x-timer': 'S1503091301.527878,VS0,VE2',
21 silly get     vary: 'Accept-Encoding, Accept' } ]
22 verbose get saving grunt-contrib-sass to C:\Users\Gracz\AppData\Roaming\npm-cache\registry.npmjs.org\grunt-contrib-sass\.cache.json
23 verbose correctMkdir C:\Users\Gracz\AppData\Roaming\npm-cache correctMkdir not in flight; initializing
24 silly install normalizeTree
25 silly loadCurrentTree Finishing
26 silly loadIdealTree Starting
27 silly install loadIdealTree
28 silly cloneCurrentTree Starting
29 silly install cloneCurrentTreeToIdealTree
30 silly cloneCurrentTree Finishing
31 silly loadShrinkwrap Starting
32 silly install loadShrinkwrap
33 silly loadShrinkwrap Finishing
34 silly loadAllDepsIntoIdealTree Starting
35 silly install loadAllDepsIntoIdealTree
36 silly resolveWithNewModule grunt-contrib-sass@1.0.0 checking installable status
37 silly cache add args [ 'grunt-contrib-sass', null ]
38 verbose cache add spec grunt-contrib-sass
39 silly cache add parsed spec Result {
39 silly cache add   raw: 'grunt-contrib-sass',
39 silly cache add   scope: null,
39 silly cache add   escapedName: 'grunt-contrib-sass',
39 silly cache add   name: 'grunt-contrib-sass',
39 silly cache add   rawSpec: '',
39 silly cache add   spec: 'latest',
39 silly cache add   type: 'tag' }
40 silly addNamed grunt-contrib-sass@latest
41 verbose addNamed "latest" is being treated as a dist-tag for grunt-contrib-sass
42 info addNameTag [ 'grunt-contrib-sass', 'latest' ]
43 silly mapToRegistry name grunt-contrib-sass
44 silly mapToRegistry using default registry
45 silly mapToRegistry registry https://registry.npmjs.org/
46 silly mapToRegistry data Result {
46 silly mapToRegistry   raw: 'grunt-contrib-sass',
46 silly mapToRegistry   scope: null,
46 silly mapToRegistry   escapedName: 'grunt-contrib-sass',
46 silly mapToRegistry   name: 'grunt-contrib-sass',
46 silly mapToRegistry   rawSpec: '',
46 silly mapToRegistry   spec: 'latest',
46 silly mapToRegistry   type: 'tag' }
47 silly mapToRegistry uri https://registry.npmjs.org/grunt-contrib-sass
48 verbose addNameTag registry:https://registry.npmjs.org/grunt-contrib-sass not in flight; fetching
49 verbose get https://registry.npmjs.org/grunt-contrib-sass not expired, no request
50 silly addNameTag next cb for grunt-contrib-sass with tag latest
51 silly addNamed grunt-contrib-sass@1.0.0
52 verbose addNamed "1.0.0" is a plain semver version for grunt-contrib-sass
53 silly mapToRegistry name grunt-contrib-sass
54 silly mapToRegistry using default registry
55 silly mapToRegistry registry https://registry.npmjs.org/
56 silly mapToRegistry data Result {
56 silly mapToRegistry   raw: 'grunt-contrib-sass',
56 silly mapToRegistry   scope: null,
56 silly mapToRegistry   escapedName: 'grunt-contrib-sass',
56 silly mapToRegistry   name: 'grunt-contrib-sass',
56 silly mapToRegistry   rawSpec: '',
56 silly mapToRegistry   spec: 'latest',
56 silly mapToRegistry   type: 'tag' }
57 silly mapToRegistry uri https://registry.npmjs.org/grunt-contrib-sass
58 verbose addRemoteTarball https://registry.npmjs.org/grunt-contrib-sass/-/grunt-contrib-sass-1.0.0.tgz not in flight; adding
59 verbose addRemoteTarball [ 'https://registry.npmjs.org/grunt-contrib-sass/-/grunt-contrib-sass-1.0.0.tgz',
59 verbose addRemoteTarball   '806838251cbc0e1a94d64d515cdd34cf674d701b' ]
60 info retry fetch attempt 1 at 23:21:49
61 info attempt registry request try #1 at 23:21:49
62 http fetch GET https://registry.npmjs.org/grunt-contrib-sass/-/grunt-contrib-sass-1.0.0.tgz
63 http fetch 200 https://registry.npmjs.org/grunt-contrib-sass/-/grunt-contrib-sass-1.0.0.tgz
64 warn retry will retry, error on last attempt: Error: EBUSY: resource busy or locked, rename 'C:\Users\Gracz\AppData\Local\Temp\npm-6936-2562b049\registry.npmjs.org\grunt-contrib-sass\-\grunt-contrib-sass-1.0.0.tgz.299595023' -> 'C:\Users\Gracz\AppData\Local\Temp\npm-6936-2562b049\registry.npmjs.org\grunt-contrib-sass\-\grunt-contrib-sass-1.0.0.tgz'
65 verbose stack TypeError: tarball.destroy is not a function
65 verbose stack     at WriteStreamAtomic.<anonymous> (C:\Program Files\nodejs\node_modules\npm\lib\cache\add-remote-tarball.js:97:15)
65 verbose stack     at emitOne (events.js:101:20)
65 verbose stack     at WriteStreamAtomic.emit (events.js:188:7)
65 verbose stack     at WriteStreamAtomic.emit (C:\Program Files\nodejs\node_modules\npm\node_modules\fs-write-stream-atomic\index.js:60:34)
65 verbose stack     at C:\Program Files\nodejs\node_modules\npm\node_modules\fs-write-stream-atomic\index.js:89:19
65 verbose stack     at FSReqWrap.oncomplete (fs.js:123:15)
66 verbose cwd D:\webdev\kodi\take
67 error Windows_NT 6.1.7601
68 error argv "C:\\Program Files\\nodejs\\node.exe" "C:\\Program Files\\nodejs\\node_modules\\npm\\bin\\npm-cli.js" "install" "grunt-contrib-sass" "--save-dev"
69 error node v6.11.2
70 error npm  v3.10.10
71 error tarball.destroy is not a function
72 error If you need help, you may report this error at:
72 error     <https://github.com/npm/npm/issues>
73 verbose exit [ 1, true ]
